1629142926.109702 client started (166846): version 3.2a, socket /tmp/tmux-1000/default, protocol 8
1629142926.109728 on Linux 5.13.8-arch1-1 #1 SMP PREEMPT Wed, 04 Aug 2021 16:57:44 +0000
1629142926.109737 using libevent 2.1.12-stable (poll); ncurses 6.2
1629142926.109754 flags are 0x18010000
1629142926.109758 socket is /tmp/tmux-1000/default
1629142926.109768 trying connect
1629142926.109820 add peer 0x557f30bb7ec0: 6 ((nil))
1629142926.110062 sending message 100 to peer 0x557f30bb7ec0 (4 bytes)
1629142926.110070 sending message 111 to peer 0x557f30bb7ec0 (8 bytes)
1629142926.110074 sending message 101 to peer 0x557f30bb7ec0 (15 bytes)
1629142926.110078 sending message 109 to peer 0x557f30bb7ec0 (4 bytes)
1629142926.110082 sending message 102 to peer 0x557f30bb7ec0 (11 bytes)
1629142926.110085 sending message 108 to peer 0x557f30bb7ec0 (38 bytes)
1629142926.110089 sending message 112 to peer 0x557f30bb7ec0 (58 bytes)
1629142926.110093 sending message 112 to peer 0x557f30bb7ec0 (5 bytes)
1629142926.110097 sending message 112 to peer 0x557f30bb7ec0 (5 bytes)
1629142926.110101 sending message 112 to peer 0x557f30bb7ec0 (6 bytes)
1629142926.110104 sending message 112 to peer 0x557f30bb7ec0 (6 bytes)
1629142926.110108 sending message 112 to peer 0x557f30bb7ec0 (11 bytes)
1629142926.110112 sending message 112 to peer 0x557f30bb7ec0 (10 bytes)
1629142926.110115 sending message 112 to peer 0x557f30bb7ec0 (13 bytes)
1629142926.110119 sending message 112 to peer 0x557f30bb7ec0 (14 bytes)
1629142926.110122 sending message 112 to peer 0x557f30bb7ec0 (19 bytes)
1629142926.110126 sending message 112 to peer 0x557f30bb7ec0 (11 bytes)
1629142926.110129 sending message 112 to peer 0x557f30bb7ec0 (10 bytes)
1629142926.110133 sending message 112 to peer 0x557f30bb7ec0 (15 bytes)
1629142926.110137 sending message 112 to peer 0x557f30bb7ec0 (21 bytes)
1629142926.110140 sending message 112 to peer 0x557f30bb7ec0 (13 bytes)
1629142926.110144 sending message 112 to peer 0x557f30bb7ec0 (7 bytes)
1629142926.110148 sending message 112 to peer 0x557f30bb7ec0 (13 bytes)
1629142926.110152 sending message 112 to peer 0x557f30bb7ec0 (7 bytes)
1629142926.110155 sending message 112 to peer 0x557f30bb7ec0 (13 bytes)
1629142926.110159 sending message 112 to peer 0x557f30bb7ec0 (9 bytes)
1629142926.110162 sending message 112 to peer 0x557f30bb7ec0 (21 bytes)
1629142926.110166 sending message 112 to peer 0x557f30bb7ec0 (13 bytes)
1629142926.110170 sending message 112 to peer 0x557f30bb7ec0 (9 bytes)
1629142926.110173 sending message 112 to peer 0x557f30bb7ec0 (16 bytes)
1629142926.110177 sending message 112 to peer 0x557f30bb7ec0 (13 bytes)
1629142926.110180 sending message 112 to peer 0x557f30bb7ec0 (9 bytes)
1629142926.110184 sending message 112 to peer 0x557f30bb7ec0 (9 bytes)
1629142926.110187 sending message 112 to peer 0x557f30bb7ec0 (12 bytes)
1629142926.110191 sending message 112 to peer 0x557f30bb7ec0 (8 bytes)
1629142926.110195 sending message 112 to peer 0x557f30bb7ec0 (8 bytes)
1629142926.110198 sending message 112 to peer 0x557f30bb7ec0 (13 bytes)
1629142926.110202 sending message 112 to peer 0x557f30bb7ec0 (7 bytes)
1629142926.110205 sending message 112 to peer 0x557f30bb7ec0 (7 bytes)
1629142926.110209 sending message 112 to peer 0x557f30bb7ec0 (9 bytes)
1629142926.110213 sending message 112 to peer 0x557f30bb7ec0 (9 bytes)
1629142926.110216 sending message 112 to peer 0x557f30bb7ec0 (15 bytes)
1629142926.110220 sending message 112 to peer 0x557f30bb7ec0 (13 bytes)
1629142926.110223 sending message 112 to peer 0x557f30bb7ec0 (12 bytes)
1629142926.110227 sending message 112 to peer 0x557f30bb7ec0 (8 bytes)
1629142926.110231 sending message 112 to peer 0x557f30bb7ec0 (14 bytes)
1629142926.110234 sending message 112 to peer 0x557f30bb7ec0 (11 bytes)
1629142926.110238 sending message 112 to peer 0x557f30bb7ec0 (9 bytes)
1629142926.110241 sending message 112 to peer 0x557f30bb7ec0 (10 bytes)
1629142926.110245 sending message 112 to peer 0x557f30bb7ec0 (10 bytes)
1629142926.110248 sending message 112 to peer 0x557f30bb7ec0 (10 bytes)
1629142926.110252 sending message 112 to peer 0x557f30bb7ec0 (10 bytes)
1629142926.110265 sending message 112 to peer 0x557f30bb7ec0 (11 bytes)
1629142926.110269 sending message 112 to peer 0x557f30bb7ec0 (12 bytes)
1629142926.110273 sending message 112 to peer 0x557f30bb7ec0 (12 bytes)
1629142926.110277 sending message 112 to peer 0x557f30bb7ec0 (12 bytes)
1629142926.110281 sending message 112 to peer 0x557f30bb7ec0 (12 bytes)
1629142926.110284 sending message 112 to peer 0x557f30bb7ec0 (12 bytes)
1629142926.110288 sending message 112 to peer 0x557f30bb7ec0 (11 bytes)
1629142926.110292 sending message 112 to peer 0x557f30bb7ec0 (11 bytes)
1629142926.110295 sending message 112 to peer 0x557f30bb7ec0 (12 bytes)
1629142926.110299 sending message 112 to peer 0x557f30bb7ec0 (12 bytes)
1629142926.110303 sending message 112 to peer 0x557f30bb7ec0 (12 bytes)
1629142926.110306 sending message 112 to peer 0x557f30bb7ec0 (12 bytes)
1629142926.110310 sending message 112 to peer 0x557f30bb7ec0 (12 bytes)
1629142926.110314 sending message 112 to peer 0x557f30bb7ec0 (9 bytes)
1629142926.110317 sending message 112 to peer 0x557f30bb7ec0 (12 bytes)
1629142926.110321 sending message 112 to peer 0x557f30bb7ec0 (13 bytes)
1629142926.110325 sending message 112 to peer 0x557f30bb7ec0 (13 bytes)
1629142926.110329 sending message 112 to peer 0x557f30bb7ec0 (13 bytes)
1629142926.110332 sending message 112 to peer 0x557f30bb7ec0 (13 bytes)
1629142926.110336 sending message 112 to peer 0x557f30bb7ec0 (13 bytes)
1629142926.110340 sending message 112 to peer 0x557f30bb7ec0 (8 bytes)
1629142926.110344 sending message 112 to peer 0x557f30bb7ec0 (11 bytes)
1629142926.110347 sending message 112 to peer 0x557f30bb7ec0 (11 bytes)
1629142926.110351 sending message 112 to peer 0x557f30bb7ec0 (11 bytes)
1629142926.110355 sending message 112 to peer 0x557f30bb7ec0 (12 bytes)
1629142926.110358 sending message 112 to peer 0x557f30bb7ec0 (12 bytes)
1629142926.110362 sending message 112 to peer 0x557f30bb7ec0 (12 bytes)
1629142926.110366 sending message 112 to peer 0x557f30bb7ec0 (12 bytes)
1629142926.110370 sending message 112 to peer 0x557f30bb7ec0 (13 bytes)
1629142926.110373 sending message 112 to peer 0x557f30bb7ec0 (13 bytes)
1629142926.110377 sending message 112 to peer 0x557f30bb7ec0 (13 bytes)
1629142926.110381 sending message 112 to peer 0x557f30bb7ec0 (8 bytes)
1629142926.110385 sending message 112 to peer 0x557f30bb7ec0 (13 bytes)
1629142926.110388 sending message 112 to peer 0x557f30bb7ec0 (13 bytes)
1629142926.110392 sending message 112 to peer 0x557f30bb7ec0 (13 bytes)
1629142926.110396 sending message 112 to peer 0x557f30bb7ec0 (13 bytes)
1629142926.110399 sending message 112 to peer 0x557f30bb7ec0 (13 bytes)
1629142926.110403 sending message 112 to peer 0x557f30bb7ec0 (12 bytes)
1629142926.110407 sending message 112 to peer 0x557f30bb7ec0 (12 bytes)
1629142926.110410 sending message 112 to peer 0x557f30bb7ec0 (12 bytes)
1629142926.110414 sending message 112 to peer 0x557f30bb7ec0 (12 bytes)
1629142926.110418 sending message 112 to peer 0x557f30bb7ec0 (13 bytes)
1629142926.110422 sending message 112 to peer 0x557f30bb7ec0 (8 bytes)
1629142926.110425 sending message 112 to peer 0x557f30bb7ec0 (13 bytes)
1629142926.110429 sending message 112 to peer 0x557f30bb7ec0 (13 bytes)
1629142926.110433 sending message 112 to peer 0x557f30bb7ec0 (13 bytes)
1629142926.110436 sending message 112 to peer 0x557f30bb7ec0 (13 bytes)
1629142926.110440 sending message 112 to peer 0x557f30bb7ec0 (13 bytes)
1629142926.110444 sending message 112 to peer 0x557f30bb7ec0 (13 bytes)
1629142926.110448 sending message 112 to peer 0x557f30bb7ec0 (13 bytes)
1629142926.110451 sending message 112 to peer 0x557f30bb7ec0 (12 bytes)
1629142926.110455 sending message 112 to peer 0x557f30bb7ec0 (12 bytes)
1629142926.110459 sending message 112 to peer 0x557f30bb7ec0 (12 bytes)
1629142926.110462 sending message 112 to peer 0x557f30bb7ec0 (8 bytes)
1629142926.110466 sending message 112 to peer 0x557f30bb7ec0 (12 bytes)
1629142926.110470 sending message 112 to peer 0x557f30bb7ec0 (13 bytes)
1629142926.110473 sending message 112 to peer 0x557f30bb7ec0 (13 bytes)
1629142926.110481 sending message 112 to peer 0x557f30bb7ec0 (13 bytes)
1629142926.110485 sending message 112 to peer 0x557f30bb7ec0 (13 bytes)
1629142926.110489 sending message 112 to peer 0x557f30bb7ec0 (13 bytes)
1629142926.110493 sending message 112 to peer 0x557f30bb7ec0 (13 bytes)
1629142926.110496 sending message 112 to peer 0x557f30bb7ec0 (13 bytes)
1629142926.110500 sending message 112 to peer 0x557f30bb7ec0 (13 bytes)
1629142926.110504 sending message 112 to peer 0x557f30bb7ec0 (12 bytes)
1629142926.110507 sending message 112 to peer 0x557f30bb7ec0 (10 bytes)
1629142926.110511 sending message 112 to peer 0x557f30bb7ec0 (12 bytes)
1629142926.110515 sending message 112 to peer 0x557f30bb7ec0 (12 bytes)
1629142926.110518 sending message 112 to peer 0x557f30bb7ec0 (12 bytes)
1629142926.110522 sending message 112 to peer 0x557f30bb7ec0 (13 bytes)
1629142926.110525 sending message 112 to peer 0x557f30bb7ec0 (13 bytes)
1629142926.110529 sending message 112 to peer 0x557f30bb7ec0 (13 bytes)
1629142926.110533 sending message 112 to peer 0x557f30bb7ec0 (13 bytes)
1629142926.110536 sending message 112 to peer 0x557f30bb7ec0 (13 bytes)
1629142926.110540 sending message 112 to peer 0x557f30bb7ec0 (13 bytes)
1629142926.110544 sending message 112 to peer 0x557f30bb7ec0 (13 bytes)
1629142926.110547 sending message 112 to peer 0x557f30bb7ec0 (10 bytes)
1629142926.110551 sending message 112 to peer 0x557f30bb7ec0 (13 bytes)
1629142926.110555 sending message 112 to peer 0x557f30bb7ec0 (12 bytes)
1629142926.110566 sending message 112 to peer 0x557f30bb7ec0 (12 bytes)
1629142926.110569 sending message 112 to peer 0x557f30bb7ec0 (12 bytes)
1629142926.110572 sending message 112 to peer 0x557f30bb7ec0 (10 bytes)
1629142926.110575 sending message 112 to peer 0x557f30bb7ec0 (10 bytes)
1629142926.110578 sending message 112 to peer 0x557f30bb7ec0 (10 bytes)
1629142926.110581 sending message 112 to peer 0x557f30bb7ec0 (12 bytes)
1629142926.110584 sending message 112 to peer 0x557f30bb7ec0 (13 bytes)
1629142926.110587 sending message 112 to peer 0x557f30bb7ec0 (13 bytes)
1629142926.110597 sending message 112 to peer 0x557f30bb7ec0 (13 bytes)
1629142926.110601 sending message 112 to peer 0x557f30bb7ec0 (13 bytes)
1629142926.110604 sending message 112 to peer 0x557f30bb7ec0 (13 bytes)
1629142926.110607 sending message 112 to peer 0x557f30bb7ec0 (10 bytes)
1629142926.110610 sending message 112 to peer 0x557f30bb7ec0 (11 bytes)
1629142926.110613 sending message 112 to peer 0x557f30bb7ec0 (12 bytes)
1629142926.110616 sending message 112 to peer 0x557f30bb7ec0 (12 bytes)
1629142926.110619 sending message 112 to peer 0x557f30bb7ec0 (12 bytes)
1629142926.110622 sending message 112 to peer 0x557f30bb7ec0 (12 bytes)
1629142926.110625 sending message 112 to peer 0x557f30bb7ec0 (12 bytes)
1629142926.110628 sending message 112 to peer 0x557f30bb7ec0 (11 bytes)
1629142926.110631 sending message 112 to peer 0x557f30bb7ec0 (12 bytes)
1629142926.110634 sending message 112 to peer 0x557f30bb7ec0 (12 bytes)
1629142926.110637 sending message 112 to peer 0x557f30bb7ec0 (13 bytes)
1629142926.110640 sending message 112 to peer 0x557f30bb7ec0 (13 bytes)
1629142926.110643 sending message 112 to peer 0x557f30bb7ec0 (13 bytes)
1629142926.110646 sending message 112 to peer 0x557f30bb7ec0 (13 bytes)
1629142926.110649 sending message 112 to peer 0x557f30bb7ec0 (13 bytes)
1629142926.110652 sending message 112 to peer 0x557f30bb7ec0 (10 bytes)
1629142926.110654 sending message 112 to peer 0x557f30bb7ec0 (9 bytes)
1629142926.110657 sending message 112 to peer 0x557f30bb7ec0 (12 bytes)
1629142926.110660 sending message 112 to peer 0x557f30bb7ec0 (13 bytes)
1629142926.110663 sending message 112 to peer 0x557f30bb7ec0 (13 bytes)
1629142926.110666 sending message 112 to peer 0x557f30bb7ec0 (13 bytes)
1629142926.110669 sending message 112 to peer 0x557f30bb7ec0 (13 bytes)
1629142926.110672 sending message 112 to peer 0x557f30bb7ec0 (13 bytes)
1629142926.110675 sending message 112 to peer 0x557f30bb7ec0 (9 bytes)
1629142926.110678 sending message 112 to peer 0x557f30bb7ec0 (12 bytes)
1629142926.110684 sending message 112 to peer 0x557f30bb7ec0 (13 bytes)
1629142926.110687 sending message 112 to peer 0x557f30bb7ec0 (13 bytes)
1629142926.110690 sending message 112 to peer 0x557f30bb7ec0 (13 bytes)
1629142926.110693 sending message 112 to peer 0x557f30bb7ec0 (13 bytes)
1629142926.110696 sending message 112 to peer 0x557f30bb7ec0 (13 bytes)
1629142926.110699 sending message 112 to peer 0x557f30bb7ec0 (11 bytes)
1629142926.110702 sending message 112 to peer 0x557f30bb7ec0 (12 bytes)
1629142926.110705 sending message 112 to peer 0x557f30bb7ec0 (13 bytes)
1629142926.110708 sending message 112 to peer 0x557f30bb7ec0 (13 bytes)
1629142926.110711 sending message 112 to peer 0x557f30bb7ec0 (13 bytes)
1629142926.110714 sending message 112 to peer 0x557f30bb7ec0 (13 bytes)
1629142926.110717 sending message 112 to peer 0x557f30bb7ec0 (13 bytes)
1629142926.110720 sending message 112 to peer 0x557f30bb7ec0 (11 bytes)
1629142926.110723 sending message 112 to peer 0x557f30bb7ec0 (12 bytes)
1629142926.110726 sending message 112 to peer 0x557f30bb7ec0 (12 bytes)
1629142926.110729 sending message 112 to peer 0x557f30bb7ec0 (12 bytes)
1629142926.110732 sending message 112 to peer 0x557f30bb7ec0 (12 bytes)
1629142926.110735 sending message 112 to peer 0x557f30bb7ec0 (12 bytes)
1629142926.110738 sending message 112 to peer 0x557f30bb7ec0 (21 bytes)
1629142926.110741 sending message 112 to peer 0x557f30bb7ec0 (12 bytes)
1629142926.110744 sending message 112 to peer 0x557f30bb7ec0 (9 bytes)
1629142926.110747 sending message 112 to peer 0x557f30bb7ec0 (6 bytes)
1629142926.110750 sending message 112 to peer 0x557f30bb7ec0 (13 bytes)
1629142926.110753 sending message 112 to peer 0x557f30bb7ec0 (10 bytes)
1629142926.110755 sending message 112 to peer 0x557f30bb7ec0 (24 bytes)
1629142926.110758 sending message 112 to peer 0x557f30bb7ec0 (13 bytes)
1629142926.110761 sending message 112 to peer 0x557f30bb7ec0 (9 bytes)
1629142926.110764 sending message 112 to peer 0x557f30bb7ec0 (70 bytes)
1629142926.110768 sending message 112 to peer 0x557f30bb7ec0 (69 bytes)
1629142926.110771 sending message 112 to peer 0x557f30bb7ec0 (12 bytes)
1629142926.110774 sending message 112 to peer 0x557f30bb7ec0 (10 bytes)
1629142926.110777 sending message 112 to peer 0x557f30bb7ec0 (10 bytes)
1629142926.110780 sending message 112 to peer 0x557f30bb7ec0 (24 bytes)
1629142926.110782 sending message 112 to peer 0x557f30bb7ec0 (13 bytes)
1629142926.110785 sending message 112 to peer 0x557f30bb7ec0 (10 bytes)
1629142926.110788 sending message 112 to peer 0x557f30bb7ec0 (10 bytes)
1629142926.110792 sending message 112 to peer 0x557f30bb7ec0 (10 bytes)
1629142926.110795 sending message 112 to peer 0x557f30bb7ec0 (13 bytes)
1629142926.110798 sending message 112 to peer 0x557f30bb7ec0 (15 bytes)
1629142926.110801 sending message 112 to peer 0x557f30bb7ec0 (5 bytes)
1629142926.110804 sending message 104 to peer 0x557f30bb7ec0 (0 bytes)
1629142926.110808 sending message 110 to peer 0x557f30bb7ec0 (0 bytes)
1629142926.110811 sending message 107 to peer 0x557f30bb7ec0 (4 bytes)
1629142926.110814 sending message 105 to peer 0x557f30bb7ec0 (16 bytes)
1629142926.110817 sending message 105 to peer 0x557f30bb7ec0 (112 bytes)
1629142926.110820 sending message 105 to peer 0x557f30bb7ec0 (20 bytes)
1629142926.110823 sending message 105 to peer 0x557f30bb7ec0 (23 bytes)
1629142926.110826 sending message 105 to peer 0x557f30bb7ec0 (41 bytes)
1629142926.110829 sending message 105 to peer 0x557f30bb7ec0 (27 bytes)
1629142926.110832 sending message 105 to peer 0x557f30bb7ec0 (42 bytes)
1629142926.110835 sending message 105 to peer 0x557f30bb7ec0 (17 bytes)
1629142926.110838 sending message 105 to peer 0x557f30bb7ec0 (31 bytes)
1629142926.110841 sending message 105 to peer 0x557f30bb7ec0 (21 bytes)
1629142926.110844 sending message 105 to peer 0x557f30bb7ec0 (22 bytes)
1629142926.110847 sending message 105 to peer 0x557f30bb7ec0 (41 bytes)
1629142926.110850 sending message 105 to peer 0x557f30bb7ec0 (13 bytes)
1629142926.110853 sending message 105 to peer 0x557f30bb7ec0 (15 bytes)
1629142926.110859 sending message 105 to peer 0x557f30bb7ec0 (21 bytes)
1629142926.110862 sending message 105 to peer 0x557f30bb7ec0 (20 bytes)
1629142926.110865 sending message 105 to peer 0x557f30bb7ec0 (18 bytes)
1629142926.110868 sending message 105 to peer 0x557f30bb7ec0 (17 bytes)
1629142926.110871 sending message 105 to peer 0x557f30bb7ec0 (26 bytes)
1629142926.110874 sending message 105 to peer 0x557f30bb7ec0 (17 bytes)
1629142926.110877 sending message 105 to peer 0x557f30bb7ec0 (86 bytes)
1629142926.110880 sending message 105 to peer 0x557f30bb7ec0 (23 bytes)
1629142926.110883 sending message 105 to peer 0x557f30bb7ec0 (20 bytes)
1629142926.110886 sending message 105 to peer 0x557f30bb7ec0 (14 bytes)
1629142926.110889 sending message 105 to peer 0x557f30bb7ec0 (30 bytes)
1629142926.110892 sending message 105 to peer 0x557f30bb7ec0 (11 bytes)
1629142926.110895 sending message 105 to peer 0x557f30bb7ec0 (8 bytes)
1629142926.110899 sending message 105 to peer 0x557f30bb7ec0 (31 bytes)
1629142926.110902 sending message 105 to peer 0x557f30bb7ec0 (104 bytes)
1629142926.110905 sending message 105 to peer 0x557f30bb7ec0 (22 bytes)
1629142926.110908 sending message 105 to peer 0x557f30bb7ec0 (54 bytes)
1629142926.110911 sending message 105 to peer 0x557f30bb7ec0 (30 bytes)
1629142926.110913 sending message 105 to peer 0x557f30bb7ec0 (16 bytes)
1629142926.110916 sending message 105 to peer 0x557f30bb7ec0 (22 bytes)
1629142926.110919 sending message 106 to peer 0x557f30bb7ec0 (0 bytes)
1629142926.110928 sending message 200 to peer 0x557f30bb7ec0 (4 bytes)
1629142926.110931 client loop enter
1629142926.114611 peer 0x557f30bb7ec0 message 207
1629142926.114623 sending message 208 to peer 0x557f30bb7ec0 (0 bytes)
1629142928.301885 peer 0x557f30bb7ec0 message 203
1629142928.301899 sending message 205 to peer 0x557f30bb7ec0 (0 bytes)
1629142928.302234 peer 0x557f30bb7ec0 message 204
1629142928.302245 client loop exit
